GROUP,PACKAGE,CLASS,INSTRUCTION_MISSED,INSTRUCTION_COVERED,BRANCH_MISSED,BRANCH_COVERED,LINE_MISSED,LINE_COVERED,COMPLEXITY_MISSED,COMPLEXITY_COVERED,METHOD_MISSED,METHOD_COVERED
Examen_Final_Mauricio_Pinto,examen,GameSession,47,312,12,50,13,69,12,32,2,11
Examen_Final_Mauricio_Pinto,examen,Player,49,35,4,0,13,11,4,5,2,5
Examen_Final_Mauricio_Pinto,examen,Piece,12,177,18,50,1,21,17,19,0,2
Examen_Final_Mauricio_Pinto,examen,Main,43,0,2,0,13,0,4,0,3,0
Examen_Final_Mauricio_Pinto,examen,Point,0,23,0,0,0,10,0,5,0,5
