GROUP,PACKAGE,CLASS,INSTRUCTION_MISSED,INSTRUCTION_COVERED,BRANCH_MISSED,BRANCH_COVERED,LINE_MISSED,LINE_COVERED,COMPLEXITY_MISSED,COMPLEXITY_COVERED,METHOD_MISSED,METHOD_COVERED
Examen_Final_Mauricio_Pinto,examen,GameSession,47,312,11,51,13,69,11,33,2,11
Examen_Final_Mauricio_Pinto,examen,Player,43,35,4,0,12,11,4,5,2,5
Examen_Final_Mauricio_Pinto,examen,Piece,0,189,4,64,0,22,4,32,0,2
Examen_Final_Mauricio_Pinto,examen,Main,43,0,2,0,13,0,4,0,3,0
Examen_Final_Mauricio_Pinto,examen,Point,0,23,0,0,0,10,0,5,0,5
