<?xml version="1.0" encoding="UTF-8"?>
<!-- Generated by org.testng.reporters.JUnitXMLReporter -->
<testsuite ignored="0" hostname="mauricio-hp-laptop" failures="0" tests="8" name="Surefire test" time="0.17" errors="0" timestamp="2020-12-23T13:53:18 PET">
  <testcase classname="examen.TestFunctionClass" name="CreateInstanceTest" time="0.065"/>
  <testcase classname="examen.TestFunctionClass" name="CreatePieceTest" time="0.0"/>
  <testcase classname="examen.TestFunctionClass" name="checkCompletionsTest" time="0.001"/>
  <testcase classname="examen.TestFunctionClass" name="checkSetPiece" time="0.004"/>
  <testcase classname="examen.TestFunctionClass" name="checkStatusTest" time="0.001"/>
  <testcase classname="examen.TestFunctionClass" name="createPlayerTest" time="0.001"/>
  <testcase classname="examen.TestFunctionClass" name="generatePointTest" time="0.0"/>
  <testcase classname="examen.TestFunctionClass" name="generateRandomPieceTest" time="0.002"/>
</testsuite> <!-- Surefire test -->
