<?xml version="1.0" encoding="UTF-8"?>
<testsuite xmlns:xsi="http://www.w3.org/2001/XMLSchema-instance" xsi:noNamespaceSchemaLocation="https://maven.apache.org/surefire/maven-surefire-plugin/xsd/surefire-test-report.xsd" name="examen.TestFunctionClass" time="0.821" tests="8" errors="0" skipped="0" failures="0">
  <properties>
[...]
</properties>
  <testcase name="CreateInstanceTest" classname="examen.TestFunctionClass" time="0.067"/>
  <testcase name="CreatePieceTest" classname="examen.TestFunctionClass" time="0"/>
  <testcase name="checkCompletionsTest" classname="examen.TestFunctionClass" time="0.001"/>
  <testcase name="checkSetPiece" classname="examen.TestFunctionClass" time="0.005"/>
  <testcase name="checkStatusTest" classname="examen.TestFunctionClass" time="0.002"/>
  <testcase name="createPlayerTest" classname="examen.TestFunctionClass" time="0"/>
  <testcase name="generatePointTest" classname="examen.TestFunctionClass" time="0"/>
  <testcase name="generateRandomPieceTest" classname="examen.TestFunctionClass" time="0.001"/>
</testsuite>