<?xml version="1.0" encoding="UTF-8"?>
<testng-results ignored="0" total="8" passed="8" failed="0" skipped="0">
  <reporter-output>
  </reporter-output>
  <suite started-at="2020-12-23T13:50:05 PET" name="Surefire suite" finished-at="2020-12-23T13:50:05 PET" duration-ms="198">
    <groups>
    </groups>
    <test started-at="2020-12-23T13:50:05 PET" name="Surefire test" finished-at="2020-12-23T13:50:05 PET" duration-ms="198">
      <class name="examen.TestFunctionClass">
        <test-method signature="CreateInstanceTest()[pri:0, instance:examen.TestFunctionClass@6b2e0f78]" started-at="2020-12-23T13:50:05 PET" name="CreateInstanceTest" finished-at="2020-12-23T13:50:05 PET" duration-ms="75" status="PASS">
          <reporter-output>
          </reporter-output>
        </test-method> <!-- CreateInstanceTest -->
        <test-method signature="CreatePieceTest()[pri:0, instance:examen.TestFunctionClass@6b2e0f78]" started-at="2020-12-23T13:50:05 PET" name="CreatePieceTest" finished-at="2020-12-23T13:50:05 PET" duration-ms="0" status="PASS">
          <reporter-output>
          </reporter-output>
        </test-method> <!-- CreatePieceTest -->
        <test-method signature="checkCompletionsTest()[pri:0, instance:examen.TestFunctionClass@6b2e0f78]" started-at="2020-12-23T13:50:05 PET" name="checkCompletionsTest" finished-at="2020-12-23T13:50:05 PET" duration-ms="0" status="PASS">
          <reporter-output>
          </reporter-output>
        </test-method> <!-- checkCompletionsTest -->
        <test-method signature="checkSetPiece()[pri:0, instance:examen.TestFunctionClass@6b2e0f78]" started-at="2020-12-23T13:50:05 PET" name="checkSetPiece" finished-at="2020-12-23T13:50:05 PET" duration-ms="5" status="PASS">
          <reporter-output>
          </reporter-output>
        </test-method> <!-- checkSetPiece -->
        <test-method signature="checkStatusTest()[pri:0, instance:examen.TestFunctionClass@6b2e0f78]" started-at="2020-12-23T13:50:05 PET" name="checkStatusTest" finished-at="2020-12-23T13:50:05 PET" duration-ms="1" status="PASS">
          <reporter-output>
          </reporter-output>
        </test-method> <!-- checkStatusTest -->
        <test-method signature="createPlayerTest()[pri:0, instance:examen.TestFunctionClass@6b2e0f78]" started-at="2020-12-23T13:50:05 PET" name="createPlayerTest" finished-at="2020-12-23T13:50:05 PET" duration-ms="1" status="PASS">
          <reporter-output>
          </reporter-output>
        </test-method> <!-- createPlayerTest -->
        <test-method signature="generatePointTest()[pri:0, instance:examen.TestFunctionClass@6b2e0f78]" started-at="2020-12-23T13:50:05 PET" name="generatePointTest" finished-at="2020-12-23T13:50:05 PET" duration-ms="1" status="PASS">
          <reporter-output>
          </reporter-output>
        </test-method> <!-- generatePointTest -->
        <test-method signature="generateRandomPieceTest()[pri:0, instance:examen.TestFunctionClass@6b2e0f78]" started-at="2020-12-23T13:50:05 PET" name="generateRandomPieceTest" finished-at="2020-12-23T13:50:05 PET" duration-ms="2" status="PASS">
          <reporter-output>
          </reporter-output>
        </test-method> <!-- generateRandomPieceTest -->
      </class> <!-- examen.TestFunctionClass -->
    </test> <!-- Surefire test -->
  </suite> <!-- Surefire suite -->
</testng-results>
