<?xml version="1.0" encoding="UTF-8"?>
<testsuite xmlns:xsi="http://www.w3.org/2001/XMLSchema-instance" xsi:noNamespaceSchemaLocation="https://maven.apache.org/surefire/maven-surefire-plugin/xsd/surefire-test-report.xsd" name="examen.TestFunctionClass" time="0.707" tests="5" errors="0" skipped="0" failures="3">
  <properties>
[...]
</properties>
  <testcase name="CreateInstanceTest" classname="examen.TestFunctionClass" time="0.071">
    <failure type="java.lang.NullPointerException">java.lang.NullPointerException
	at examen.TestFunctionClass.CreateInstanceTest(TestFunctionClass.java:13)
</failure>
    <system-err><![CDATA[Dec 23, 2020 12:00:08 PM examen.GameSession generateRandomPiece
INFO: La siguiente pieza es de tipo: 1
]]></system-err>
  </testcase>
  <testcase name="CreatePieceTest" classname="examen.TestFunctionClass" time="0">
    <failure type="java.lang.NullPointerException">java.lang.NullPointerException
	at examen.TestFunctionClass.CreatePieceTest(TestFunctionClass.java:20)
</failure>
  </testcase>
  <testcase name="checksetPiece" classname="examen.TestFunctionClass" time="0">
    <failure type="java.lang.NullPointerException">java.lang.NullPointerException
	at examen.TestFunctionClass.checksetPiece(TestFunctionClass.java:49)
</failure>
  </testcase>
  <testcase name="generatePointTest" classname="examen.TestFunctionClass" time="0.009"/>
  <testcase name="generateRandomPieceTest" classname="examen.TestFunctionClass" time="0"/>
</testsuite>